SF:lib/game/snake_game.dart
DA:11,4
DA:28,2
DA:29,4
DA:30,2
DA:31,4
DA:32,2
DA:33,2
DA:36,4
DA:37,8
DA:38,8
DA:39,8
DA:40,8
DA:41,8
DA:42,8
DA:44,4
DA:45,4
DA:46,4
DA:47,4
DA:48,4
DA:49,4
DA:52,3
DA:53,12
DA:54,2
DA:56,3
DA:57,3
DA:60,2
DA:61,4
DA:62,2
DA:63,2
DA:67,2
DA:68,4
DA:69,2
DA:70,2
DA:76,2
DA:77,4
DA:78,2
DA:81,2
DA:82,4
DA:83,4
DA:84,4
DA:85,4
DA:89,3
DA:90,6
DA:92,6
DA:93,6
DA:95,3
DA:96,3
DA:97,8
DA:99,3
DA:100,8
DA:102,3
DA:103,8
DA:105,3
DA:106,12
DA:111,30
DA:112,6
DA:113,2
DA:117,6
DA:119,6
DA:120,4
DA:121,10
DA:122,2
DA:124,6
DA:127,3
DA:130,2
DA:131,2
DA:132,8
DA:133,2
DA:136,4
DA:139,28
DA:140,8
DA:141,4
LF:72
LH:72
end_of_record
SF:lib/main.dart
DA:4,1
DA:5,1
DA:9,2
DA:11,2
DA:13,2
DA:16,2
DA:19,2
LF:7
LH:7
end_of_record
SF:lib/screens/home_screen.dart
DA:6,2
DA:8,3
DA:9,3
DA:15,3
DA:17,3
DA:18,3
DA:21,3
DA:22,3
DA:23,3
DA:24,6
DA:25,6
DA:29,3
DA:31,3
DA:32,3
DA:33,3
DA:34,3
DA:36,3
DA:38,3
DA:39,3
DA:42,3
DA:44,3
DA:45,3
DA:47,3
DA:48,3
DA:71,3
DA:72,6
DA:84,3
DA:85,1
DA:86,2
DA:87,2
DA:89,1
DA:91,3
DA:96,3
DA:97,3
LF:34
LH:34
end_of_record
SF:lib/screens/game_screen.dart
DA:9,2
DA:11,2
DA:12,2
DA:22,2
DA:24,2
DA:25,4
DA:26,4
DA:27,6
DA:28,2
DA:31,2
DA:33,3
DA:34,6
DA:35,2
DA:38,2
DA:39,2
DA:40,6
DA:41,6
DA:44,1
DA:45,1
DA:46,3
DA:49,1
DA:50,1
DA:51,4
DA:52,1
DA:54,5
DA:55,1
DA:57,3
DA:58,3
DA:60,3
DA:61,1
DA:63,2
DA:64,3
DA:65,1
DA:68,2
DA:73,1
DA:74,2
DA:75,5
DA:76,2
DA:77,3
DA:78,1
DA:83,1
DA:84,3
DA:86,8
DA:87,7
DA:88,2
DA:89,3
DA:91,2
DA:92,3
DA:94,1
DA:98,1
DA:99,1
DA:102,1
DA:103,6
DA:104,2
DA:105,3
DA:106,2
DA:110,2
DA:112,2
DA:114,2
DA:115,2
DA:116,2
DA:117,2
DA:118,2
DA:119,2
DA:121,2
DA:122,2
DA:123,2
DA:124,2
DA:125,2
DA:127,2
DA:128,4
DA:129,8
DA:135,2
DA:143,2
DA:144,2
DA:146,2
DA:148,2
DA:149,2
DA:150,4
DA:153,2
DA:154,6
DA:163,2
DA:164,6
DA:173,2
DA:174,1
DA:175,3
DA:176,2
DA:177,3
DA:178,2
DA:181,2
DA:182,6
DA:193,2
DA:196,4
DA:197,2
DA:201,1
DA:205,1
DA:207,3
DA:209,0
DA:214,2
DA:216,2
DA:217,2
DA:218,2
DA:219,2
DA:221,2
DA:223,2
DA:224,2
DA:235,2
DA:250,2
DA:251,2
DA:254,2
DA:256,2
DA:257,2
DA:258,2
DA:259,2
DA:261,2
DA:262,2
DA:264,2
DA:265,2
DA:268,2
DA:274,2
DA:275,2
DA:278,2
DA:280,3
DA:281,2
DA:284,2
LF:125
LH:124
end_of_record
SF:lib/widgets/game_board.dart
DA:7,3
DA:11,3
DA:13,3
DA:14,15
DA:15,3
DA:16,3
DA:18,3
DA:19,3
DA:21,3
DA:22,3
DA:23,3
DA:24,3
DA:25,6
DA:35,3
DA:39,3
DA:41,12
DA:42,12
DA:44,6
DA:45,12
DA:46,12
DA:47,3
DA:48,3
DA:49,3
DA:53,6
DA:57,6
DA:58,9
DA:59,3
DA:60,6
DA:61,6
DA:65,6
DA:68,6
DA:69,3
DA:70,12
DA:71,12
DA:75,6
DA:78,3
LF:36
LH:36
end_of_record
